
2023-06-06 23:43:41.895 INFO daoUtilities.StatusLogUtility 10 logSaveStatus - User saved successfully.
2023-06-06 23:43:41.958 INFO daoUtilities.StatusLogUtility 19 logUpdateStatus - BikeRental updated successfully.
2023-06-06 23:49:07.933 INFO Main 26 main - 
model.Station ID: 3
model.Station name: Forest Place
Location: (42.1068, 19.0895)
Capacity: 8
2023-06-06 23:53:46.025 INFO Main 30 main - Total number of stations: 4
2023-06-06 23:49:07.973 INFO daoUtilities.StatusLogUtility 10 logSaveStatus - Event saved successfully.
2023-06-06 23:50:24.377 INFO daoUtilities.StatusLogUtility 28 logDeleteStatus - Event deleted successfully.


User ID: 7
First Name Nataly
Last name: Wickham
Email: natwick@gmail.com
Date registered: 2023-04-18

2023-06-07 13:04:04.360 INFO xmlValidation.Main 48 main - XML is valid.

2023-06-11 22:49:54.021 INFO jaxb.Main 26 main - Technician object created from XML - unmarshalling: Technician{technicianId=1, firstName='Matt', lastName='Brown', phoneNumber='null', email='mattbrown@citybikes.com', maintenanceList=[Maintenance{maintenanceId=2, dateStart=Sun May 28 00:00:00 PDT 2023, dateEnd=null, description='brakes check', bikeId=4, technicianId=1}, Maintenance{maintenanceId=4, dateStart=Tue May 30 00:00:00 PDT 2023, dateEnd=Sun Jun 04 00:00:00 PDT 2023, description='tyres changes', bikeId=2, technicianId=1}]}

2023-06-11 22:49:54.036 INFO jaxb.Main 38 main - Station object created from XML - unmarshalling: Station{stationId=2, stationName='Lighthouse Way', location=Point2D.Double[42.0974, 19.0911], capacity=10}

2023-06-14 09:18:45.091 INFO json.Main 24 main - Object created from JSON: Technician{technicianId=5, firstName='Wyatt', lastName='Science', phoneNumber='360-833-12-10', email='wyattscience@gmail.com', maintenanceList=[Maintenance{maintenanceId=2, dateStart=2023-06-01, dateEnd=2023-06-02, description='speed switcher fix', bikeId=3, technicianId=5}, Maintenance{maintenanceId=4, dateStart=2023-06-09, dateEnd=2023-06-12, description='pedal fix', bikeId=2, technicianId=5}]}

2023-06-14 09:18:45.102 INFO json.Main 33 main - {"name":"Old Town","stationId":5,"stationName":"Old Town","location":{"x":42.0974,"y":19.0911},"capacity":10}
