
2023-06-06 23:43:41.895 INFO daoUtilities.StatusLogUtility 10 logSaveStatus - User saved successfully.
2023-06-06 23:43:41.958 INFO daoUtilities.StatusLogUtility 19 logUpdateStatus - BikeRental updated successfully.
2023-06-06 23:49:07.933 INFO Main 26 main - 
model.Station ID: 3
model.Station name: Forest Place
Location: (42.1068, 19.0895)
Capacity: 8
2023-06-06 23:53:46.025 INFO Main 30 main - Total number of stations: 4
2023-06-06 23:49:07.973 INFO daoUtilities.StatusLogUtility 10 logSaveStatus - Event saved successfully.
2023-06-06 23:50:24.377 INFO daoUtilities.StatusLogUtility 28 logDeleteStatus - Event deleted successfully.


User ID: 7
First Name Nataly
Last name: Wickham
Email: natwick@gmail.com
Date registered: 2023-04-18

2023-06-07 13:04:04.360 INFO xmlValidation.ParserRunner 48 main - XML is valid.

2023-06-11 22:49:54.021 INFO jaxb.JAXBRunner 26 main - Technician object created from XML - unmarshalling: Technician{technicianId=1, firstName='Matt', lastName='Brown', phoneNumber='null', email='mattbrown@citybikes.com', maintenanceList=[Maintenance{maintenanceId=2, dateStart=Sun May 28 00:00:00 PDT 2023, dateEnd=null, description='brakes check', bikeId=4, technicianId=1}, Maintenance{maintenanceId=4, dateStart=Tue May 30 00:00:00 PDT 2023, dateEnd=Sun Jun 04 00:00:00 PDT 2023, description='tyres changes', bikeId=2, technicianId=1}]}

2023-06-11 22:49:54.036 INFO jaxb.JAXBRunner 38 main - Station object created from XML - unmarshalling: Station{stationId=2, stationName='Lighthouse Way', location=Point2D.Double[42.0974, 19.0911], capacity=10}

2023-06-14 09:18:45.091 INFO json.JacksonRunner 24 main - Object created from JSON: Technician{technicianId=5, firstName='Wyatt', lastName='Science', phoneNumber='360-833-12-10', email='wyattscience@gmail.com', maintenanceList=[Maintenance{maintenanceId=2, dateStart=2023-06-01, dateEnd=2023-06-02, description='speed switcher fix', bikeId=3, technicianId=5}, Maintenance{maintenanceId=4, dateStart=2023-06-09, dateEnd=2023-06-12, description='pedal fix', bikeId=2, technicianId=5}]}

2023-06-14 09:18:45.102 INFO json.JacksonRunner 33 main - {"name":"Old Town","stationId":5,"stationName":"Old Town","location":{"x":42.0974,"y":19.0911},"capacity":10}

2023-06-20 11:18:26.046 INFO MyBatisRunner 22 main - Selecting technician by id Technician{technicianId=3, firstName='Gregory', lastName='Baker', phoneNumber='4252509056', email='gregbsnohomish@gmail.com', maintenanceList=[Maintenance{maintenanceId=4, dateStart=2023-06-18, dateEnd=2023-06-20, description='speed switcher fix', bikeId=2, technicianId=3}]}
2023-06-20 11:18:26.107 INFO MyBatisRunner 25 main - Selecting all technicians [Technician{technicianId=1, firstName='Matt', lastName='Brown', phoneNumber='360-833-12-10', email='mattbrown@citybikes.com', maintenanceList=[Maintenance{maintenanceId=2, dateStart=2023-05-28, dateEnd=2023-05-30, description='brakes check', bikeId=4, technicianId=1}]}, Technician{technicianId=3, firstName='Gregory', lastName='Baker', phoneNumber='4252509056', email='gregbsnohomish@gmail.com', maintenanceList=[Maintenance{maintenanceId=4, dateStart=2023-06-18, dateEnd=2023-06-20, description='speed switcher fix', bikeId=2, technicianId=3}]}, Technician{technicianId=4, firstName='Thomas', lastName='Weller', phoneNumber='2251281430', email='thomasweller22@gmail.com', maintenanceList=[Maintenance{maintenanceId=5, dateStart=2023-06-20, dateEnd=2023-06-21, description='tyres replacements', bikeId=1, technicianId=4}]}]
2023-06-20 11:18:26.160 INFO MyBatisRunner 43 main - Selecting station by idStation{stationId=6, stationName='Olive Grove', location=Point2D.Double[42.0942, 19.1333], capacity=10}
2023-06-20 11:18:26.199 INFO MyBatisRunner 46 main - Selecting all stations[Station{stationId=1, stationName='Town Market', location=Point2D.Double[42.098, 19.0994], capacity=12}, Station{stationId=2, stationName='Lighthouse Way', location=Point2D.Double[42.0974, 19.0911], capacity=10}, Station{stationId=3, stationName='Forest Place', location=Point2D.Double[42.1068, 19.0895], capacity=8}, Station{stationId=4, stationName='Old Town', location=Point2D.Double[42.0942, 19.1333], capacity=12}, Station{stationId=6, stationName='Olive Grove', location=Point2D.Double[42.0942, 19.1333], capacity=10}]

2023-06-20 11:18:26.238 INFO MyBatisRunner 60 main - Selecting maintenance record by idMaintenance{maintenanceId=2, dateStart=2023-05-28, dateEnd=2023-05-30, description='brakes check', bikeId=4, technicianId=1}
2023-06-20 11:18:26.268 INFO MyBatisRunner 63 main - Selecting all maintenance records[Maintenance{maintenanceId=2, dateStart=2023-05-28, dateEnd=2023-05-30, description='brakes check', bikeId=4, technicianId=1}, Maintenance{maintenanceId=4, dateStart=2023-06-18, dateEnd=2023-06-20, description='speed switcher fix', bikeId=2, technicianId=3}, Maintenance{maintenanceId=5, dateStart=2023-06-20, dateEnd=2023-06-21, description='tyres replacements', bikeId=1, technicianId=4}]

2023-06-23 17:15:18.518 INFO MyBatisRunner 22 main - Event{eventId=4, name='Retro Bikes Show', date=2023-06-18T11:00, location=Point2D.Double[42.0942, 19.1333], user
User ID: 3
First Name Jasmina
Last name: Perkolic
Email: percolicmonte@gmail.com
Date registered: 2023-05-13}
2023-06-23 17:15:18.586 INFO MyBatisRunner 25 main - [Event{eventId=1, name='City Marathon', date=2023-07-14T16:00, location=Point2D.Double[42.1036, 19.093], user
User ID: 1
First Name Savannah
Last name: Robins
Email: savrobins24@gmail.com
Date registered: 2022-10-22}, Event{eventId=3, name='Bike Festival', date=2023-08-20T12:00, location=Point2D.Double[42.0993, 19.093], user
User ID: 3
First Name Jasmina
Last name: Perkolic
Email: percolicmonte@gmail.com
Date registered: 2023-05-13},
Event{eventId=4, name='Retro Bikes Show', date=2023-06-18T11:00, location=Point2D.Double[42.0942, 19.1333], user
User ID: 3
First Name Jasmina
Last name: Perkolic
Email: percolicmonte@gmail.com
Date registered: 2023-05-13},
Event{eventId=7, name='Pedalpalooza', date=2023-06-20T10:00, location=Point2D.Double[42.0942, 19.1333], user
User ID: 3
First Name Jasmina
Last name: Perkolic
Email: percolicmonte@gmail.com
Date registered: 2023-05-13}]



2023-06-26 19:41:14.496 INFO designPatterns.factoryMethod.Main 16 main - BikeService implementation: serviceMyBatis.BikeService
2023-06-26 19:41:14.500 INFO designPatterns.factoryMethod.Main 17 main - Retrieving data using ServiceMyBatis:
Bike ID: 5
Brand: City Journey
Properties: {"gears": 8, "model": "CityCruiser", "brakeType": "Rim brakes", "wheelSize": "26 inches", "suspension": false, "frameMaterial": "Steel", "basketIncluded": true}
Status: AVAILABLE
Current Station: 1
2023-06-26 19:41:14.526 INFO designPatterns.factoryMethod.Main 23 main - BikeService implementation: serviceDAO.BikeService
2023-06-26 19:41:14.527 INFO designPatterns.factoryMethod.Main 24 main - Retrieving data using ServiceDAO:
Bike ID: 4
Brand: RoadBikeCorp
Properties: {"gears": 18, "model": "SpeedRunner", "brakeType": "Caliper brakes", "wheelSize": "28 inches", "suspension": false, "frameMaterial": "Carbon Fiber", "basketIncluded": false}
Status: Maintained
Current Station: 0

2023-06-26 19:44:46.124 ERROR designPatterns.factoryMethod.ServiceFactory 21 createBikeService - Unknown service requested. For user service implementation enter "mybatis" or "dao"


2023-06-26 23:47:04.526 INFO designPatterns.factoryMethod.Main 51 main - Bike object:
Bike ID: 0
Brand: Street Runner
Properties: {"gears": 8, "model": "CityCruiser", "brakeType": "Rim brakes", "wheelSize": "26 inches", "suspension": false, "frameMaterial": "Steel", "basketIncluded": true}
Status: AVAILABLE
Current Station: 4
2023-06-27 00:24:56.126 INFO designPatterns.builder.BikeCreator 24 main - 
Bike ID: 0
Brand: Street Runner
Properties: {"gears": 8, "model": "CityCruiser", "brakeType": "Rim brakes", "wheelSize": "26 inches", "suspension": false, "frameMaterial": "Steel", "basketIncluded": true}
Status: AVAILABLE
Current Station: 4
2023-06-27 00:24:56.127 INFO designPatterns.builder.BikeCreator 30 main - 
Bike ID: 0
Brand: MountainScape
Properties: null
Status: MAINTAINED
Current Station: 0
2023-06-27 00:24:56.127 INFO designPatterns.builder.BikeCreator 34 main - 
Bike ID: 0
Brand: KTM
Properties: null
Status: null
Current Station: 0

2023-06-27 01:02:17.288 INFO designPatterns.singleton.BikeRentalManager 23 rentBike - Bike rented successfully
2023-06-27 01:02:17.289 INFO designPatterns.singleton.Main 19 main - rented


2023-06-27 13:34:03.119 INFO designPatterns.decorator.Main 12 main - Decorated string: STRING TO BE DECORATED
